<?xml version="1.0" encoding="UTF-8"?>
<!-- Generated by org.testng.reporters.JUnitReportReporter -->
<testsuite hostname="DESKTOP-4MM6LB2" failures="0" tests="1" name="main.MainPageTests" time="51.598" errors="0" timestamp="06 Apr 2025 10:57:43 GMT" skipped="0">
  <testcase classname="main.MainPageTests" name="SuccessfulScenario" time="51.598"/>
</testsuite> <!-- main.MainPageTests -->
